
13:04:09.196 [info] Loading 57 CA(s) from :otp store

13:04:11.359 [notice] Protocol 'inet_tcp': register/listen error: econnrefused


13:04:11.702 id=0 [debug] handled request client -> server initialize in 150ms

13:04:11.712 [debug] sent notification server -> client window/logMessage

13:04:11.718 [debug] NextLS v0.23.4 has initialized!

13:04:11.718 [debug] sent notification server -> client window/logMessage

13:04:11.718 [debug] Log file located at c:/Users/Zermano Cristian/Documents/ANNO 2/AI - Intelligenza Artificiale/its_aa_pn_2025_machine_learning/.elixir-tools/next-ls.log

13:04:11.723 [debug] sent notification server -> client window/logMessage

13:04:11.723 id=69 [debug] sent request server -> client client/registerCapability

13:04:11.723 [info] [extension] Credo initializing with options %NextLS.InitOpts.Extensions.Credo{enable: true, cli_options: []}

13:04:11.727 [debug] handled notification client -> server textDocument/didOpen in 5ms

13:04:11.727 [debug] handled notification client -> server textDocument/didOpen in 7ms

13:04:11.727 [debug] handled notification client -> server textDocument/didOpen in 9ms

13:04:11.727 [debug] handled notification client -> server textDocument/didOpen in 7ms

13:04:11.727 [debug] handled notification client -> server textDocument/didOpen in 9ms

13:04:11.727 [debug] handled notification client -> server textDocument/didOpen in 9ms

13:04:11.727 [debug] handled notification client -> server textDocument/didOpen in 6ms

13:04:11.727 [debug] handled notification client -> server textDocument/didOpen in 10ms

13:04:11.727 [debug] handled notification client -> server textDocument/didOpen in 7ms

13:04:11.727 [debug] handled notification client -> server textDocument/didOpen in 6ms

13:04:11.727 [debug] handled notification client -> server textDocument/didOpen in 8ms

13:04:11.727 [debug] handled notification client -> server textDocument/didOpen in 9ms

13:04:11.727 [debug] handled notification client -> server textDocument/didOpen in 3ms

13:04:11.727 [debug] handled notification client -> server textDocument/didOpen in 9ms

13:04:11.727 [debug] handled notification client -> server textDocument/didOpen in 11ms

13:04:11.727 [debug] handled notification client -> server textDocument/didOpen in 4ms

13:04:11.727 [debug] handled notification client -> server textDocument/didOpen in 3ms

13:04:11.727 [debug] handled notification client -> server textDocument/didOpen in 7ms

13:04:11.727 [debug] handled notification client -> server textDocument/didOpen in 6ms

13:04:11.727 [debug] handled notification client -> server textDocument/didOpen in 3ms

13:04:11.727 [debug] handled notification client -> server textDocument/didOpen in 615µs

13:04:11.727 [debug] handled notification client -> server textDocument/didOpen in 205µs

13:04:11.728 [debug] handled notification client -> server textDocument/didOpen in 204µs

13:04:11.728 [debug] handled notification client -> server textDocument/didOpen in 2ms

13:04:11.728 [debug] handled notification client -> server textDocument/didOpen in 410µs

13:04:11.729 [debug] handled notification client -> server textDocument/didOpen in 921µs

13:04:11.730 [debug] handled notification client -> server textDocument/didOpen in 615µs

13:04:11.731 [debug] handled notification client -> server textDocument/didOpen in 614µs

13:04:11.731 [debug] handled notification client -> server textDocument/didOpen in 205µs

13:04:11.731 [debug] handled notification client -> server textDocument/didOpen in 410µs

13:04:38.426 [debug] sent notification server -> client window/logMessage

13:04:38.426 [debug] Booting runtimes...

13:04:38.433 id=7 [debug] sent request server -> client window/workDoneProgress/create

13:04:38.438 [debug] sent notification server -> client $/progress

13:04:38.458 [debug] sent notification server -> client window/logMessage

13:04:38.458 [info] Beginning DB migration...

13:04:38.469 [debug] sent notification server -> client window/logMessage

13:04:38.469 [info] Database is being upgraded from version 0 to 7.

This will trigger a full recompilation in order to re-index your codebase.


13:04:38.472 [debug] sent notification server -> client window/logMessage

13:04:38.472 [info] Finished DB migration...

13:04:38.479 [error] ** (MatchError) no match of right hand side value: {:error, {:shutdown, {:failed_to_start_child, NextLS.Runtime, {:badarg, [{NextLS.Runtime, :init, 1, [file: ~c"lib/next_ls/runtime.ex", line: 131, error_info: %{cause: {1, :binary, :type, nil}, function: :format_bs_fail, module: :erl_erts_errors}]}, {:gen_server, :init_it, 2, [file: ~c"gen_server.erl", line: 2229]}, {:gen_server, :init_it, 6, [file: ~c"gen_server.erl", line: 2184]}, {:proc_lib, :init_p_do_apply, 3, [file: ~c"proc_lib.erl", line: 329]}]}}}}
    (next_ls 0.23.4) lib/next_ls.ex:907: anonymous fn/5 in NextLS.handle_notification/2
    (elixir 1.17.3) lib/enum.ex:2531: Enum."-reduce/3-lists^foldl/2-0-"/3
    (next_ls 0.23.4) lib/next_ls.ex:902: NextLS.handle_notification/2
    (gen_lsp 0.11.0) lib/gen_lsp.ex:528: anonymous fn/2 in GenLSP.loop/3
    (telemetry 1.3.0) /Users/runner/work/next-ls/next-ls/deps/telemetry/src/telemetry.erl:324: :telemetry.span/3
    (gen_lsp 0.11.0) lib/gen_lsp.ex:524: anonymous fn/4 in GenLSP.loop/3
    (gen_lsp 0.11.0) lib/gen_lsp.ex:601: anonymous fn/4 in GenLSP.attempt/4
    (elixir 1.17.3) lib/task/supervised.ex:101: Task.Supervised.invoke_mfa/2


13:04:38.479 [debug] sent notification server -> client window/logMessage

13:04:38.479 [warning] client -> server notification crashed
